{"level":"warn","message":"ruta '/socket.io/socket.io.js' con método GET, no implementada"}
{"level":"warn","message":"ruta '/main.js' con método GET, no implementada"}
{"level":"warn","message":"ruta '/favicon.ico' con método GET, no implementada"}
{"level":"warn","message":"ruta '/main.js' con método GET, no implementada"}
{"level":"warn","message":"ruta '/socket.io/socket.io.js' con método GET, no implementada"}
{"level":"warn","message":"ruta '/favicon.ico' con método GET, no implementada"}
{"level":"warn","message":"ruta '/socket.io/socket.io.js' con método GET, no implementada"}
{"level":"warn","message":"ruta '/main.js' con método GET, no implementada"}
{"level":"warn","message":"ruta '/favicon.ico' con método GET, no implementada"}
{"level":"warn","message":"ruta '/favicon.ico' con método GET, no implementada"}
{"level":"warn","message":"ruta '/favicon.ico' con método GET, no implementada"}
{"level":"warn","message":"ruta '/favicon.ico' con método GET, no implementada"}
{"level":"warn","message":"ruta '/favicon.ico' con método GET, no implementada"}
{"level":"warn","message":"ruta '/favicon.ico' con método GET, no implementada"}
{"level":"warn","message":"ruta '/favicon.ico' con método GET, no implementada"}
{"level":"warn","message":"ruta '/favicon.ico' con método GET, no implementada"}
{"level":"warn","message":"ruta '/favicon.ico' con método GET, no implementada"}
{"level":"warn","message":"ruta '/favicon.ico' con método GET, no implementada"}
{"level":"warn","message":"ruta '/favicon.ico' con método GET, no implementada"}
{"level":"warn","message":"ruta '/favicon.ico' con método GET, no implementada"}
{"level":"warn","message":"ruta '/favicon.ico' con método GET, no implementada"}
{"level":"warn","message":"ruta '/favicon.ico' con método GET, no implementada"}
{"level":"warn","message":"ruta '/main.js' con método GET, no implementada"}
{"level":"warn","message":"ruta '/favicon.ico' con método GET, no implementada"}
{"level":"warn","message":"ruta '/main.js' con método GET, no implementada"}
{"level":"warn","message":"ruta '/favicon.ico' con método GET, no implementada"}
{"level":"warn","message":"ruta '/favicon.ico' con método GET, no implementada"}
{"level":"warn","message":"ruta '/favicon.ico' con método GET, no implementada"}
{"level":"warn","message":"ruta '/main.js' con método GET, no implementada"}
{"level":"warn","message":"ruta '/favicon.ico' con método GET, no implementada"}
{"level":"warn","message":"ruta '/main.js' con método GET, no implementada"}
{"level":"warn","message":"ruta '/favicon.ico' con método GET, no implementada"}
{"level":"warn","message":"ruta '/main.js' con método GET, no implementada"}
{"level":"warn","message":"ruta '/favicon.ico' con método GET, no implementada"}
{"level":"warn","message":"ruta '/main.js' con método GET, no implementada"}
{"level":"warn","message":"ruta '/favicon.ico' con método GET, no implementada"}
{"level":"warn","message":"ruta '/main.js' con método GET, no implementada"}
{"level":"warn","message":"ruta '/favicon.ico' con método GET, no implementada"}
{"level":"warn","message":"ruta '/main.js' con método GET, no implementada"}
{"level":"warn","message":"ruta '/favicon.ico' con método GET, no implementada"}
{"level":"warn","message":"ruta '/main.js' con método GET, no implementada"}
{"level":"warn","message":"ruta '/favicon.ico' con método GET, no implementada"}
{"level":"warn","message":"ruta '/main.js' con método GET, no implementada"}
{"level":"warn","message":"ruta '/favicon.ico' con método GET, no implementada"}
{"level":"warn","message":"ruta '/main.js' con método GET, no implementada"}
{"level":"warn","message":"ruta '/favicon.ico' con método GET, no implementada"}
{"level":"warn","message":"ruta '/favicon.ico' con método GET, no implementada"}
{"level":"warn","message":"ruta '/favicon.ico' con método GET, no implementada"}
{"level":"warn","message":"ruta '/favicon.ico' con método GET, no implementada"}
{"level":"warn","message":"ruta '/favicon.ico' con método GET, no implementada"}
{"level":"warn","message":"ruta '/favicon.ico' con método GET, no implementada"}
{"level":"warn","message":"ruta '/favicon.ico' con método GET, no implementada"}
{"level":"warn","message":"ruta '/favicon.ico' con método GET, no implementada"}
{"level":"warn","message":"ruta '/favicon.ico' con método GET, no implementada"}
{"level":"warn","message":"ruta '/favicon.ico' con método GET, no implementada"}
{"level":"warn","message":"ruta '/favicon.ico' con método GET, no implementada"}
{"level":"warn","message":"ruta '/favicon.ico' con método GET, no implementada"}
{"level":"warn","message":"ruta '/main.js' con método GET, no implementada"}
{"level":"warn","message":"ruta '/favicon.ico' con método GET, no implementada"}
{"level":"warn","message":"ruta '/main.js' con método GET, no implementada"}
{"level":"warn","message":"ruta '/favicon.ico' con método GET, no implementada"}
{"level":"warn","message":"ruta '/main.js' con método GET, no implementada"}
{"level":"warn","message":"ruta '/favicon.ico' con método GET, no implementada"}
{"level":"warn","message":"ruta '/favicon.ico' con método GET, no implementada"}
{"level":"warn","message":"ruta '/favicon.ico' con método GET, no implementada"}
{"level":"warn","message":"ruta '/favicon.ico' con método GET, no implementada"}
{"level":"warn","message":"ruta '/favicon.ico' con método GET, no implementada"}
{"level":"warn","message":"ruta '/main.js' con método GET, no implementada"}
{"level":"warn","message":"ruta '/favicon.ico' con método GET, no implementada"}
{"level":"warn","message":"ruta '/main.js' con método GET, no implementada"}
{"level":"warn","message":"ruta '/favicon.ico' con método GET, no implementada"}
{"level":"warn","message":"ruta '/favicon.ico' con método GET, no implementada"}
{"level":"warn","message":"ruta '/favicon.ico' con método GET, no implementada"}
{"level":"warn","message":"ruta '/favicon.ico' con método GET, no implementada"}
{"level":"warn","message":"ruta '/favicon.ico' con método GET, no implementada"}
{"level":"warn","message":"ruta '/favicon.ico' con método GET, no implementada"}
{"level":"warn","message":"ruta '/favicon.ico' con método GET, no implementada"}
{"level":"warn","message":"ruta '/favicon.ico' con método GET, no implementada"}
{"level":"warn","message":"ruta '/favicon.ico' con método GET, no implementada"}
{"level":"warn","message":"ruta '/favicon.ico' con método GET, no implementada"}
{"level":"warn","message":"ruta '/favicon.ico' con método GET, no implementada"}
{"level":"warn","message":"ruta '/favicon.ico' con método GET, no implementada"}
{"level":"warn","message":"ruta '/favicon.ico' con método GET, no implementada"}
{"level":"warn","message":"ruta '/favicon.ico' con método GET, no implementada"}
{"level":"warn","message":"ruta '/favicon.ico' con método GET, no implementada"}
{"level":"warn","message":"ruta '/favicon.ico' con método GET, no implementada"}
{"level":"warn","message":"ruta '/favicon.ico' con método GET, no implementada"}
{"level":"warn","message":"ruta '/favicon.ico' con método GET, no implementada"}
{"level":"warn","message":"ruta '/favicon.ico' con método GET, no implementada"}
{"level":"warn","message":"ruta '/favicon.ico' con método GET, no implementada"}
{"level":"warn","message":"ruta '/favicon.ico' con método GET, no implementada"}
{"level":"warn","message":"ruta '/favicon.ico' con método GET, no implementada"}
{"level":"warn","message":"ruta '/favicon.ico' con método GET, no implementada"}
{"level":"warn","message":"ruta '/favicon.ico' con método GET, no implementada"}
{"level":"warn","message":"ruta '/favicon.ico' con método GET, no implementada"}
{"level":"warn","message":"ruta '/favicon.ico' con método GET, no implementada"}
{"level":"warn","message":"ruta '/style.css' con método GET, no implementada"}
{"level":"warn","message":"ruta '/favicon.ico' con método GET, no implementada"}
{"level":"warn","message":"ruta '/style.css' con método GET, no implementada"}
{"level":"warn","message":"ruta '/path/to/intlTelInput.css' con método GET, no implementada"}
{"level":"warn","message":"ruta '/favicon.ico' con método GET, no implementada"}
{"level":"warn","message":"ruta '/style.css' con método GET, no implementada"}
{"level":"warn","message":"ruta '/node_modules/intl-tel-input/build/css/intlTelInput.css' con método GET, no implementada"}
{"level":"warn","message":"ruta '/node_modules/intl-tel-input/build/js/intlTelInput.js' con método GET, no implementada"}
{"level":"warn","message":"ruta '/favicon.ico' con método GET, no implementada"}
{"level":"warn","message":"ruta '/style.css' con método GET, no implementada"}
{"level":"warn","message":"ruta '/node_modules/intl-tel-input/build/css/intlTelInput.css' con método GET, no implementada"}
{"level":"warn","message":"ruta '/node_modules/intl-tel-input/build/js/intlTelInput.js' con método GET, no implementada"}
{"level":"warn","message":"ruta '/favicon.ico' con método GET, no implementada"}
{"level":"warn","message":"ruta '/favicon.ico' con método GET, no implementada"}
{"level":"warn","message":"ruta '/favicon.ico' con método GET, no implementada"}
{"level":"warn","message":"ruta '/favicon.ico' con método GET, no implementada"}
{"level":"warn","message":"ruta '/favicon.ico' con método GET, no implementada"}
{"level":"warn","message":"ruta '/favicon.ico' con método GET, no implementada"}
{"level":"warn","message":"ruta '/favicon.ico' con método GET, no implementada"}
{"level":"warn","message":"ruta '/favicon.ico' con método GET, no implementada"}
{"level":"warn","message":"ruta '/favicon.ico' con método GET, no implementada"}
{"level":"warn","message":"ruta '/favicon.ico' con método GET, no implementada"}
{"level":"warn","message":"ruta '/favicon.ico' con método GET, no implementada"}
{"level":"warn","message":"ruta '/favicon.ico' con método GET, no implementada"}
{"level":"warn","message":"ruta '/favicon.ico' con método GET, no implementada"}
{"level":"warn","message":"ruta '/favicon.ico' con método GET, no implementada"}
{"level":"warn","message":"ruta '/favicon.ico' con método GET, no implementada"}
{"level":"error"}
{"level":"warn","message":"ruta '/favicon.ico' con método GET, no implementada"}
{"level":"warn","message":"ruta '/favicon.ico' con método GET, no implementada"}
{"level":"warn","message":"ruta '/favicon.ico' con método GET, no implementada"}
{"level":"warn","message":"ruta '/favicon.ico' con método GET, no implementada"}
{"level":"warn","message":"ruta '/favicon.ico' con método GET, no implementada"}
{"level":"warn","message":"ruta '/favicon.ico' con método GET, no implementada"}
{"level":"warn","message":"ruta '/favicon.ico' con método GET, no implementada"}
{"level":"warn","message":"ruta '/favicon.ico' con método GET, no implementada"}
{"level":"warn","message":"ruta '/favicon.ico' con método GET, no implementada"}
{"level":"warn","message":"ruta '/favicon.ico' con método GET, no implementada"}
{"level":"warn","message":"ruta '/favicon.ico' con método GET, no implementada"}
{"level":"warn","message":"ruta '/favicon.ico' con método GET, no implementada"}
{"level":"warn","message":"ruta '/favicon.ico' con método GET, no implementada"}
{"level":"warn","message":"ruta '/favicon.ico' con método GET, no implementada"}
{"level":"warn","message":"ruta '/favicon.ico' con método GET, no implementada"}
{"level":"warn","message":"ruta '/favicon.ico' con método GET, no implementada"}
{"level":"warn","message":"ruta '/favicon.ico' con método GET, no implementada"}
{"level":"warn","message":"ruta '/favicon.ico' con método GET, no implementada"}
{"level":"warn","message":"ruta '/favicon.ico' con método GET, no implementada"}
{"level":"warn","message":"ruta '/favicon.ico' con método GET, no implementada"}
{"level":"warn","message":"ruta '/favicon.ico' con método GET, no implementada"}
{"level":"warn","message":"ruta '/favicon.ico' con método GET, no implementada"}
{"level":"warn","message":"ruta '/favicon.ico' con método GET, no implementada"}
{"level":"warn","message":"ruta '/favicon.ico' con método GET, no implementada"}
{"level":"warn","message":"ruta '/favicon.ico' con método GET, no implementada"}
{"level":"warn","message":"ruta '/favicon.ico' con método GET, no implementada"}
{"level":"warn","message":"ruta '/favicon.ico' con método GET, no implementada"}
{"level":"warn","message":"ruta '/favicon.ico' con método GET, no implementada"}
{"level":"warn","message":"ruta '/favicon.ico' con método GET, no implementada"}
{"level":"warn","message":"ruta '/favicon.ico' con método GET, no implementada"}
{"level":"warn","message":"ruta '/favicon.ico' con método GET, no implementada"}
{"level":"warn","message":"ruta '/favicon.ico' con método GET, no implementada"}
{"level":"warn","message":"ruta '/favicon.ico' con método GET, no implementada"}
{"level":"warn","message":"ruta '/favicon.ico' con método GET, no implementada"}
{"level":"warn","message":"ruta '/favicon.ico' con método GET, no implementada"}
{"level":"warn","message":"ruta '/favicon.ico' con método GET, no implementada"}
{"level":"warn","message":"ruta '/favicon.ico' con método GET, no implementada"}
{"level":"warn","message":"ruta '/favicon.ico' con método GET, no implementada"}
{"level":"warn","message":"ruta '/favicon.ico' con método GET, no implementada"}
{"level":"warn","message":"ruta '/favicon.ico' con método GET, no implementada"}
{"level":"warn","message":"ruta '/favicon.ico' con método GET, no implementada"}
{"level":"warn","message":"ruta '/favicon.ico' con método GET, no implementada"}
{"level":"warn","message":"ruta '/favicon.ico' con método GET, no implementada"}
{"level":"warn","message":"ruta '/favicon.ico' con método GET, no implementada"}
{"level":"warn","message":"ruta '/favicon.ico' con método GET, no implementada"}
{"level":"warn","message":"ruta '/favicon.ico' con método GET, no implementada"}
{"level":"warn","message":"ruta '/favicon.ico' con método GET, no implementada"}
{"level":"warn","message":"ruta '/favicon.ico' con método GET, no implementada"}
{"level":"warn","message":"ruta '/favicon.ico' con método GET, no implementada"}
{"level":"warn","message":"ruta '/favicon.ico' con método GET, no implementada"}
{"level":"warn","message":"ruta '/favicon.ico' con método GET, no implementada"}
{"level":"warn","message":"ruta '/favicon.ico' con método GET, no implementada"}
{"level":"warn","message":"ruta '/favicon.ico' con método GET, no implementada"}
{"level":"warn","message":"ruta '/favicon.ico' con método GET, no implementada"}
{"level":"warn","message":"ruta '/favicon.ico' con método GET, no implementada"}
{"level":"warn","message":"ruta '/favicon.ico' con método GET, no implementada"}
{"level":"warn","message":"ruta '/favicon.ico' con método GET, no implementada"}
{"level":"warn","message":"ruta '/favicon.ico' con método GET, no implementada"}
{"level":"warn","message":"ruta '/favicon.ico' con método GET, no implementada"}
{"level":"warn","message":"ruta '/favicon.ico' con método GET, no implementada"}
{"level":"warn","message":"ruta '/favicon.ico' con método GET, no implementada"}
{"level":"warn","message":"ruta '/favicon.ico' con método GET, no implementada"}
{"level":"warn","message":"ruta '/favicon.ico' con método GET, no implementada"}
{"level":"warn","message":"ruta '/favicon.ico' con método GET, no implementada"}
{"level":"warn","message":"ruta '/favicon.ico' con método GET, no implementada"}
{"level":"warn","message":"ruta '/favicon.ico' con método GET, no implementada"}
{"level":"warn","message":"ruta '/favicon.ico' con método GET, no implementada"}
{"level":"warn","message":"ruta '/favicon.ico' con método GET, no implementada"}
{"level":"warn","message":"ruta '/favicon.ico' con método GET, no implementada"}
{"level":"warn","message":"ruta '/favicon.ico' con método GET, no implementada"}
{"level":"warn","message":"ruta '/favicon.ico' con método GET, no implementada"}
{"level":"warn","message":"ruta '/favicon.ico' con método GET, no implementada"}
{"level":"warn","message":"ruta '/favicon.ico' con método GET, no implementada"}
{"level":"warn","message":"ruta '/favicon.ico' con método GET, no implementada"}
{"level":"warn","message":"ruta '/favicon.ico' con método GET, no implementada"}
{"level":"warn","message":"ruta '/favicon.ico' con método GET, no implementada"}
{"level":"warn","message":"ruta '/favicon.ico' con método GET, no implementada"}
{"level":"warn","message":"ruta '/favicon.ico' con método GET, no implementada"}
{"level":"warn","message":"ruta '/favicon.ico' con método GET, no implementada"}
{"level":"warn","message":"ruta '/favicon.ico' con método GET, no implementada"}
{"level":"warn","message":"ruta '/favicon.ico' con método GET, no implementada"}
{"level":"warn","message":"ruta '/favicon.ico' con método GET, no implementada"}
{"level":"warn","message":"ruta '/favicon.ico' con método GET, no implementada"}
{"level":"warn","message":"ruta '/favicon.ico' con método GET, no implementada"}
{"level":"warn","message":"ruta '/favicon.ico' con método GET, no implementada"}
{"level":"warn","message":"ruta '/favicon.ico' con método GET, no implementada"}
{"level":"warn","message":"ruta '/favicon.ico' con método GET, no implementada"}
{"level":"warn","message":"ruta '/favicon.ico' con método GET, no implementada"}
{"level":"warn","message":"ruta '/favicon.ico' con método GET, no implementada"}
{"level":"warn","message":"ruta '/favicon.ico' con método GET, no implementada"}
{"level":"warn","message":"ruta '/favicon.ico' con método GET, no implementada"}
{"level":"warn","message":"ruta '/favicon.ico' con método GET, no implementada"}
{"level":"warn","message":"ruta '/favicon.ico' con método GET, no implementada"}
{"level":"warn","message":"ruta '/favicon.ico' con método GET, no implementada"}
{"level":"warn","message":"ruta '/favicon.ico' con método GET, no implementada"}
{"level":"warn","message":"ruta '/favicon.ico' con método GET, no implementada"}
{"level":"warn","message":"ruta '/favicon.ico' con método GET, no implementada"}
{"level":"warn","message":"ruta '/favicon.ico' con método GET, no implementada"}
{"level":"warn","message":"ruta '/favicon.ico' con método GET, no implementada"}
{"level":"warn","message":"ruta '/favicon.ico' con método GET, no implementada"}
{"level":"warn","message":"ruta '/favicon.ico' con método GET, no implementada"}
{"level":"warn","message":"ruta '/favicon.ico' con método GET, no implementada"}
{"level":"warn","message":"ruta '/favicon.ico' con método GET, no implementada"}
{"level":"warn","message":"ruta '/favicon.ico' con método GET, no implementada"}
{"level":"warn","message":"ruta '/favicon.ico' con método GET, no implementada"}
{"level":"warn","message":"ruta '/favicon.ico' con método GET, no implementada"}
{"level":"warn","message":"ruta '/favicon.ico' con método GET, no implementada"}
{"level":"warn","message":"ruta '/favicon.ico' con método GET, no implementada"}
{"level":"warn","message":"ruta '/favicon.ico' con método GET, no implementada"}
{"level":"warn","message":"ruta '/favicon.ico' con método GET, no implementada"}
{"level":"warn","message":"ruta '/favicon.ico' con método GET, no implementada"}
{"level":"warn","message":"ruta '/favicon.ico' con método GET, no implementada"}
{"level":"warn","message":"ruta '/favicon.ico' con método GET, no implementada"}
{"level":"warn","message":"ruta '/favicon.ico' con método GET, no implementada"}
{"level":"warn","message":"ruta '/favicon.ico' con método GET, no implementada"}
{"level":"warn","message":"ruta '/favicon.ico' con método GET, no implementada"}
{"level":"warn","message":"ruta '/favicon.ico' con método GET, no implementada"}
{"level":"warn","message":"ruta '/favicon.ico' con método GET, no implementada"}
{"level":"warn","message":"ruta '/favicon.ico' con método GET, no implementada"}
{"level":"warn","message":"ruta '/favicon.ico' con método GET, no implementada"}
{"level":"warn","message":"ruta '/favicon.ico' con método GET, no implementada"}
{"level":"warn","message":"ruta '/favicon.ico' con método GET, no implementada"}
{"level":"warn","message":"ruta '/favicon.ico' con método GET, no implementada"}
{"level":"warn","message":"ruta '/favicon.ico' con método GET, no implementada"}
{"level":"warn","message":"ruta '/favicon.ico' con método GET, no implementada"}
{"level":"warn","message":"ruta '/favicon.ico' con método GET, no implementada"}
{"level":"warn","message":"ruta '/favicon.ico' con método GET, no implementada"}
{"level":"warn","message":"ruta '/favicon.ico' con método GET, no implementada"}
{"level":"warn","message":"ruta '/favicon.ico' con método GET, no implementada"}
{"level":"warn","message":"ruta '/favicon.ico' con método GET, no implementada"}
{"level":"warn","message":"ruta '/favicon.ico' con método GET, no implementada"}
{"level":"warn","message":"ruta '/favicon.ico' con método GET, no implementada"}
{"level":"warn","message":"ruta '/favicon.ico' con método GET, no implementada"}
{"level":"warn","message":"ruta '/favicon.ico' con método GET, no implementada"}
{"level":"warn","message":"ruta '/favicon.ico' con método GET, no implementada"}
{"level":"warn","message":"ruta '/favicon.ico' con método GET, no implementada"}
{"level":"warn","message":"ruta '/favicon.ico' con método GET, no implementada"}
{"level":"warn","message":"ruta '/favicon.ico' con método GET, no implementada"}
{"level":"warn","message":"ruta '/favicon.ico' con método GET, no implementada"}
{"level":"warn","message":"ruta '/favicon.ico' con método GET, no implementada"}
{"level":"warn","message":"ruta '/favicon.ico' con método GET, no implementada"}
{"level":"warn","message":"ruta '/favicon.ico' con método GET, no implementada"}
{"level":"warn","message":"ruta '/favicon.ico' con método GET, no implementada"}
{"level":"warn","message":"ruta '/favicon.ico' con método GET, no implementada"}
{"level":"warn","message":"ruta '/favicon.ico' con método GET, no implementada"}
{"level":"warn","message":"ruta '/favicon.ico' con método GET, no implementada"}
{"level":"warn","message":"ruta '/favicon.ico' con método GET, no implementada"}
{"level":"warn","message":"ruta '/favicon.ico' con método GET, no implementada"}
{"level":"warn","message":"ruta '/favicon.ico' con método GET, no implementada"}
{"level":"warn","message":"ruta '/favicon.ico' con método GET, no implementada"}
{"level":"warn","message":"ruta '/favicon.ico' con método GET, no implementada"}
{"level":"warn","message":"ruta '/favicon.ico' con método GET, no implementada"}
{"level":"warn","message":"ruta '/favicon.ico' con método GET, no implementada"}
{"level":"warn","message":"ruta '/favicon.ico' con método GET, no implementada"}
{"level":"warn","message":"ruta '/favicon.ico' con método GET, no implementada"}
{"level":"warn","message":"ruta '/favicon.ico' con método GET, no implementada"}
{"level":"warn","message":"ruta '/favicon.ico' con método GET, no implementada"}
{"level":"warn","message":"ruta '/favicon.ico' con método GET, no implementada"}
